  BehaviorTree.cpp
  BuyTask.cpp
  CheckDemandTask.cpp
C:\Users\yducrocq\Documents\GitHub\Simulation\Simulation\TestIA\CheckDemandTask.h(16,4): error C2143: erreur de syntaxe : absence de ';' avant '*'
  (compiler le fichier source 'CheckDemandTask.cpp')
  
C:\Users\yducrocq\Documents\GitHub\Simulation\Simulation\TestIA\CheckDemandTask.h(16,4): error C4430: spécificateur de type manquant - int est pris en compte par défaut. Remarque : C++ ne prend pas en charge int par défaut
  (compiler le fichier source 'CheckDemandTask.cpp')
  
C:\Users\yducrocq\Documents\GitHub\Simulation\Simulation\TestIA\CheckDemandTask.h(16,12): error C2238: jetons inattendus avant ';'
  (compiler le fichier source 'CheckDemandTask.cpp')
  
C:\Users\yducrocq\Documents\GitHub\Simulation\Simulation\TestIA\CheckDemandTask.cpp(20,3): error C2065: 'Client' : identificateur non déclaré
C:\Users\yducrocq\Documents\GitHub\Simulation\Simulation\TestIA\CheckDemandTask.cpp(26,6): error C2065: 'Client' : identificateur non déclaré
C:\Users\yducrocq\Documents\GitHub\Simulation\Simulation\TestIA\CheckDemandTask.cpp(27,3): error C2065: 'Client' : identificateur non déclaré
C:\Users\yducrocq\Documents\GitHub\Simulation\Simulation\TestIA\CheckDemandTask.cpp(34,6): error C2065: 'Client' : identificateur non déclaré
  FallBack.cpp
  FlowNode.cpp
C:\Users\yducrocq\Documents\GitHub\Simulation\Simulation\TestIA\FlowNode.cpp(15,13): warning C4244: 'initialisation' : conversion de '__int64' en 'int', perte possible de données
  Ia.cpp
  Node.cpp
  OpeningShopTask.cpp
  SeePlayerTask.cpp
  Sequence.cpp
  Shop.cpp
  TaskNode.cpp
  TestIA.cpp
C:\Users\yducrocq\Documents\GitHub\Simulation\Simulation\TestIA\TestIA.cpp(56,15): warning C4244: 'argument' : conversion de 'time_t' en 'unsigned int', perte possible de données
C:\Users\yducrocq\Documents\GitHub\Simulation\Simulation\TestIA\TestIA.cpp(82,26): error C2065: 'Shop1' : identificateur non déclaré
C:\Users\yducrocq\Documents\GitHub\Simulation\Simulation\TestIA\TestIA.cpp(85,17): error C2065: 'Shop1' : identificateur non déclaré
C:\Users\yducrocq\Documents\GitHub\Simulation\Simulation\TestIA\TestIA.cpp(91,21): error C2065: 'Shop1' : identificateur non déclaré
C:\Users\yducrocq\Documents\GitHub\Simulation\Simulation\TestIA\TestIA.cpp(92,21): error C2065: 'Shop1' : identificateur non déclaré
C:\Users\yducrocq\Documents\GitHub\Simulation\Simulation\TestIA\TestIA.cpp(54,34): error C1075: '{' : jeton correspondant introuvable
  WaitTask.cpp
  Génération de code en cours...
